[0102/222714.609:ERROR:process_info.cc(329)] VirtualQueryEx: Access is denied. (0x5)
[0102/222714.609:ERROR:process_info.cc(556)] ReadMemoryInfo failed
[0102/222714.609:ERROR:process_memory_win.cc(39)] Failed to initialize ProcessInfo.
[0102/222714.609:ERROR:scoped_process_suspend.cc(40)] NtResumeProcess: An attempt was made to access an exiting process. (0xc000010a)
[0102/231056.625:ERROR:process_reader_win.cc(123)] NtOpenThread: {Access Denied} A process has requested access to an object, but has not been granted those access rights. (0xc0000022)
[0102/231056.625:ERROR:exception_snapshot_win.cc(99)] thread ID 18720 not found in process
[0102/231056.703:ERROR:process_reader_win.cc(123)] NtOpenThread: {Access Denied} A process has requested access to an object, but has not been granted those access rights. (0xc0000022)
[0102/231056.703:ERROR:exception_snapshot_win.cc(99)] thread ID 14048 not found in process
[0103/204322.886:ERROR:directory_reader_win.cc(43)] FindFirstFile: The system cannot find the path specified. (0x3)
[0104/123538.350:ERROR:process_reader_win.cc(151)] SuspendThread: Access is denied. (0x5)
[0104/123538.359:ERROR:process_reader_win.cc(151)] SuspendThread: Access is denied. (0x5)
[0104/123538.359:ERROR:process_reader_win.cc(151)] SuspendThread: Access is denied. (0x5)
[0104/123538.359:ERROR:process_reader_win.cc(151)] SuspendThread: Access is denied. (0x5)
[0104/123538.360:ERROR:process_reader_win.cc(151)] SuspendThread: Access is denied. (0x5)
[0104/123538.360:ERROR:process_reader_win.cc(151)] SuspendThread: Access is denied. (0x5)
[0104/123538.360:ERROR:process_reader_win.cc(151)] SuspendThread: Access is denied. (0x5)
[0104/123538.360:ERROR:process_reader_win.cc(151)] SuspendThread: Access is denied. (0x5)
[0104/123538.360:ERROR:process_reader_win.cc(123)] NtOpenThread: {Access Denied} A process has requested access to an object, but has not been granted those access rights. (0xc0000022)
[0104/123538.360:ERROR:process_reader_win.cc(123)] NtOpenThread: {Access Denied} A process has requested access to an object, but has not been granted those access rights. (0xc0000022)
[0104/123538.362:ERROR:exception_snapshot_win.cc(99)] thread ID 16660 not found in process
[0104/123538.362:ERROR:exception_snapshot_win.cc(99)] thread ID 3096 not found in process
